7/6/2020 下午4:55:36	This log contains information about the import schema operation into project 'Database35' on computer 'TI03NB186' by user 'sam.chong62'.
7/6/2020 下午4:55:36	Import of database schema has started.
7/6/2020 下午4:55:36	Gathering database options
7/6/2020 下午4:55:36	Gathering users
7/6/2020 下午4:55:36	Gathering roles
7/6/2020 下午4:55:36	Gathering application roles
7/6/2020 下午4:55:36	Gathering role memberships
7/6/2020 下午4:55:36	Gathering filegroups
7/6/2020 下午4:55:36	Gathering full-text catalogs
7/6/2020 下午4:55:36	Gathering assemblies
7/6/2020 下午4:55:36	Gathering certificates
7/6/2020 下午4:55:36	Gathering asymmetric keys
7/6/2020 下午4:55:36	Gathering symmetric keys
7/6/2020 下午4:55:36	Gathering encrypted symmetric keys
7/6/2020 下午4:55:36	Gathering schemas
7/6/2020 下午4:55:36	Gathering XML schema collections
7/6/2020 下午4:55:36	Gathering user-defined data types
7/6/2020 下午4:55:36	Gathering user-defined types
7/6/2020 下午4:55:36	Gathering table types
7/6/2020 下午4:55:36	Gathering unique keys for table types
7/6/2020 下午4:55:36	Gathering primary keys for table types
7/6/2020 下午4:55:36	Gathering indexes for table types
7/6/2020 下午4:55:36	Gathering check constraints for table types
7/6/2020 下午4:55:36	Gathering default constraints for table types
7/6/2020 下午4:55:36	Gathering partition functions
7/6/2020 下午4:55:36	Gathering partition schemes
7/6/2020 下午4:55:36	Gathering functions
7/6/2020 下午4:55:36	Gathering encrypted functions
7/6/2020 下午4:55:36	Gathering aggregates
7/6/2020 下午4:55:36	Gathering procedures
7/6/2020 下午4:55:36	Gathering encrypted procedures
7/6/2020 下午4:55:36	Gathering tables
7/6/2020 下午4:55:36	Gathering primary keys
7/6/2020 下午4:55:36	Gathering unique constraints
7/6/2020 下午4:55:36	Gathering foreign keys
7/6/2020 下午4:55:36	Gathering default constraints
7/6/2020 下午4:55:36	Gathering check constraints
7/6/2020 下午4:55:36	Gathering views
7/6/2020 下午4:55:36	Gathering encrypted views
7/6/2020 下午4:55:36	Gathering indexes
7/6/2020 下午4:55:36	Gathering statistics
7/6/2020 下午4:55:36	Gathering full-text index stoplists
7/6/2020 下午4:55:36	Gathering search property lists
7/6/2020 下午4:55:36	Gathering search properties
7/6/2020 下午4:55:36	Gathering full-text indexes
7/6/2020 下午4:55:36	Gathering column store indexes
7/6/2020 下午4:55:36	Gathering spatial indexes
7/6/2020 下午4:55:36	Gathering XML indexes
7/6/2020 下午4:55:36	Gathering Selective XML indexes
7/6/2020 下午4:55:36	Gathering encrypted triggers
7/6/2020 下午4:55:37	Gathering triggers
7/6/2020 下午4:55:37	Gathering encrypted and clr ddl triggers
7/6/2020 下午4:55:37	Gathering ddl triggers
7/6/2020 下午4:55:37	Gathering synonyms
7/6/2020 下午4:55:37	Gathering defaults
7/6/2020 下午4:55:37	Gathering data constraint uddt bindings
7/6/2020 下午4:55:37	Gathering rules
7/6/2020 下午4:55:37	Gathering data constraint uddt bindings
7/6/2020 下午4:55:37	Gathering message types
7/6/2020 下午4:55:37	Gathering queues
7/6/2020 下午4:55:37	Gathering contracts
7/6/2020 下午4:55:37	Gathering services
7/6/2020 下午4:55:37	Gathering event notifications
7/6/2020 下午4:55:37	Gathering remote service bindings
7/6/2020 下午4:55:37	Gathering broker priorities
7/6/2020 下午4:55:37	Gathering signatures
7/6/2020 下午4:55:37	Gathering data compression options
7/6/2020 下午4:55:37	Gathering sequence types
7/6/2020 下午4:55:37	Gathering extended properties
7/6/2020 下午4:55:37	Gathering credentials
7/6/2020 下午4:55:37	Gathering logins
7/6/2020 下午4:55:37	Gathering server audits
7/6/2020 下午4:55:37	Scanning project for duplicate elements
7/6/2020 下午4:55:37	Finished duplicate element processing
7/6/2020 下午4:55:38	Finished importing database.
7/6/2020 下午4:55:38	A summary of the import was saved to the following location: C:\Users\sam.chong62\Desktop\Pratice Test\workplace\Database35\Database35\Import Schema Logs\Database35_20200607085536.log
7/6/2020 下午4:55:38	Click Finish to continue...
